\BOOKMARK [1][-]{section.I}{Kurzfassung}{}
\BOOKMARK [1][-]{section*.1}{Inhaltsverzeichnis}{}
\BOOKMARK [1][-]{section.III}{Abbildungsverzeichnis}{}
\BOOKMARK [1][-]{section.IV}{Tabellenverzeichnis}{}
\BOOKMARK [1][-]{section.V}{Listing-Verzeichnis}{}
\BOOKMARK [1][-]{section.VI}{Abk\374rzungsverzeichnis}{}
\BOOKMARK [1][-]{section.1}{Einleitung}{}
\BOOKMARK [2][-]{subsection.1.1}{Bilder}{section.1}
\BOOKMARK [2][-]{subsection.1.2}{Tabellen}{section.1}
\BOOKMARK [2][-]{subsection.1.3}{Auflistung}{section.1}
\BOOKMARK [2][-]{subsection.1.4}{Listings}{section.1}
\BOOKMARK [2][-]{subsection.1.5}{Tipps}{section.1}
\BOOKMARK [1][-]{section.2}{Kapitel}{}
\BOOKMARK [2][-]{subsection.2.1}{Unterkapitel}{section.2}
\BOOKMARK [2][-]{subsection.2.2}{Unterkapitel}{section.2}
\BOOKMARK [1][-]{section.3}{Kapitel}{}
\BOOKMARK [2][-]{subsection.3.1}{Unterkapitel}{section.3}
\BOOKMARK [2][-]{subsection.3.2}{Unterkapitel}{section.3}
\BOOKMARK [1][-]{section.4}{Kapitel}{}
\BOOKMARK [2][-]{subsection.4.1}{Unterkapitel}{section.4}
\BOOKMARK [2][-]{subsection.4.2}{Unterkapitel}{section.4}
\BOOKMARK [1][-]{section.5}{Quellenverzeichnis}{}
\BOOKMARK [1][-]{section*.4}{Anhang}{}
\BOOKMARK [1][-]{section.A}{GUI}{}
